  Cleaning RocAREditor and UnrealHeaderTool binaries...
UnrealBuildTool : error : Unable to delete C:\Users\narli\OneDrive\Documents\GitHub\RochesterAR\RocAR\Binaries\Win64\UE4Editor-RocAR.dll (Unable to delete 'C:\Users\narli\OneDrive\Documents\GitHub\RochesterAR\RocAR\Binaries\Win64\UE4Editor-RocAR.dll': Access to the path 'C:\Users\narli\OneDrive\Documents\GitHub\RochesterAR\RocAR\Binaries\Win64\UE4Editor-RocAR.dll' is denied.)
  Using 'git status' to determine working set for adaptive non-unity build (C:\Users\narli\OneDrive\Documents\GitHub\RochesterAR).
  Creating makefile for RocAREditor (no existing makefile)
  Parsing headers for RocAREditor
    Running UnrealHeaderTool "C:\Users\narli\OneDrive\Documents\GitHub\RochesterAR\RocAR\RocAR.uproject" "C:\Users\narli\OneDrive\Documents\GitHub\RochesterAR\RocAR\Intermediate\Build\Win64\RocAREditor\Development\RocAREditor.uhtmanifest" -LogCmds="loginit warning, logexit warning, logdatabase error" -Unattended -WarningsAsErrors -abslog="C:\Users\narli\AppData\Local\UnrealBuildTool\Log_UHT.txt" -installed
  Reflection code generated for RocAREditor in 4.7186697 seconds
  Building RocAREditor...
  Using Visual Studio 2019 14.27.29112 toolchain (C:\Program Files (x86)\Microsoft Visual Studio\2019\Community\VC\Tools\MSVC\14.27.29110) and Windows 10.0.18362.0 SDK (C:\Program Files (x86)\Windows Kits\10).
  Building 20 actions with 12 processes...
    [1/20] Default.rc2
    [2/20] Default.rc2
    [3/20] Default.rc2
    [4/20] SharedPCH.UnrealEd.ShadowErrors.cpp
    [5/20] SharedPCH.Engine.ShadowErrors.cpp
    [6/20] Module.StreetMapImporting.gen.cpp
    [7/20] RocAR.cpp
    [8/20] RocAR.init.gen.cpp
    [9/20] RocARGameModeBase.cpp
    [10/20] RocARGameModeBase.gen.cpp
    [11/20] UE4Editor-RocAR-0001.lib
       Creating library C:\Users\narli\OneDrive\Documents\GitHub\RochesterAR\RocAR\Intermediate\Build\Win64\UE4Editor\Development\RocAR\UE4Editor-RocAR-0001.lib and object C:\Users\narli\OneDrive\Documents\GitHub\RochesterAR\RocAR\Intermediate\Build\Win64\UE4Editor\Development\RocAR\UE4Editor-RocAR-0001.exp
    [12/20] Module.StreetMapRuntime.gen.cpp
    [13/20] UE4Editor-RocAR-0001.dll
       Creating library C:\Users\narli\OneDrive\Documents\GitHub\RochesterAR\RocAR\Intermediate\Build\Win64\UE4Editor\Development\RocAR\UE4Editor-RocAR-0001.suppressed.lib and object C:\Users\narli\OneDrive\Documents\GitHub\RochesterAR\RocAR\Intermediate\Build\Win64\UE4Editor\Development\RocAR\UE4Editor-RocAR-0001.suppressed.exp
    [14/20] Module.StreetMapRuntime.cpp
    [15/20] UE4Editor-StreetMapRuntime-0001.lib
       Creating library C:\Users\narli\OneDrive\Documents\GitHub\RochesterAR\RocAR\Plugins\StreetMap\Intermediate\Build\Win64\UE4Editor\Development\StreetMapRuntime\UE4Editor-StreetMapRuntime-0001.lib and object C:\Users\narli\OneDrive\Documents\GitHub\RochesterAR\RocAR\Plugins\StreetMap\Intermediate\Build\Win64\UE4Editor\Development\StreetMapRuntime\UE4Editor-StreetMapRuntime-0001.exp
    [16/20] UE4Editor-StreetMapRuntime-0001.dll
       Creating library C:\Users\narli\OneDrive\Documents\GitHub\RochesterAR\RocAR\Plugins\StreetMap\Intermediate\Build\Win64\UE4Editor\Development\StreetMapRuntime\UE4Editor-StreetMapRuntime-0001.suppressed.lib and object C:\Users\narli\OneDrive\Documents\GitHub\RochesterAR\RocAR\Plugins\StreetMap\Intermediate\Build\Win64\UE4Editor\Development\StreetMapRuntime\UE4Editor-StreetMapRuntime-0001.suppressed.exp
    [17/20] Module.StreetMapImporting.cpp
C:/Users/narli/OneDrive/Documents/GitHub/RochesterAR/RocAR/Plugins/StreetMap/Source/StreetMapImporting/Private/StreetMapComponentDetails.cpp(290): warning C4996: 'UStaticMesh::SourceModels': Please do not access this member directly; use UStaticMesh::GetSourceModel(LOD) or UStaticMesh::GetSourceModels(). Please update your code to the new API before upgrading to the next release, otherwise your project will no longer compile.
C:/Users/narli/OneDrive/Documents/GitHub/RochesterAR/RocAR/Plugins/StreetMap/Source/StreetMapImporting/Private/StreetMapComponentDetails.cpp(326): warning C4996: 'FAssetEditorManager::OpenEditorForAssets': Use the matching function on AssetEditorSubsystem instead. Please update your code to the new API before upgrading to the next release, otherwise your project will no longer compile.
C:/Users/narli/OneDrive/Documents/GitHub/RochesterAR/RocAR/Plugins/StreetMap/Source/StreetMapImporting/Private/StreetMapComponentDetails.cpp(280): warning C4996: 'CreatePackage': Use CreatePackage overload that does not take the first Outer parameter. Specifying non-null outers for UPackages is no longer supported. Please update your code to the new API before upgrading to the next release, otherwise your project will no longer compile.
    [18/20] UE4Editor-StreetMapImporting-0001.lib
       Creating library C:\Users\narli\OneDrive\Documents\GitHub\RochesterAR\RocAR\Plugins\StreetMap\Intermediate\Build\Win64\UE4Editor\Development\StreetMapImporting\UE4Editor-StreetMapImporting-0001.lib and object C:\Users\narli\OneDrive\Documents\GitHub\RochesterAR\RocAR\Plugins\StreetMap\Intermediate\Build\Win64\UE4Editor\Development\StreetMapImporting\UE4Editor-StreetMapImporting-0001.exp
    [19/20] UE4Editor-StreetMapImporting-0001.dll
       Creating library C:\Users\narli\OneDrive\Documents\GitHub\RochesterAR\RocAR\Plugins\StreetMap\Intermediate\Build\Win64\UE4Editor\Development\StreetMapImporting\UE4Editor-StreetMapImporting-0001.suppressed.lib and object C:\Users\narli\OneDrive\Documents\GitHub\RochesterAR\RocAR\Plugins\StreetMap\Intermediate\Build\Win64\UE4Editor\Development\StreetMapImporting\UE4Editor-StreetMapImporting-0001.suppressed.exp
    [20/20] RocAREditor.target
  Total time in Parallel executor: 88.92 seconds
  Total execution time: 96.60 seconds
C:\Program Files (x86)\Microsoft Visual Studio\2019\Community\MSBuild\Microsoft\VC\v160\Microsoft.MakeFile.Targets(51,5): error MSB3073: The command "D:\SteamLibrary\steamapps\common\UE_4.26\Engine\Build\BatchFiles\Rebuild.bat RocAREditor Win64 Development -Project="C:\Users\narli\OneDrive\Documents\GitHub\RochesterAR\RocAR\RocAR.uproject" -WaitMutex -FromMsBuild" exited with code -1.
